Release 10.1.03 - xst K.39 (lin64)
Copyright (c) 1995-2008 Xilinx, Inc.  All rights reserved.
--> 
Parameter TMPDIR set to /afs/athena.mit.edu/user/t/r/trebawa/6.111/Final/Final/xst/projnav.tmp


Total REAL time to Xst completion: 0.00 secs
Total CPU time to Xst completion: 0.05 secs
 
--> 
Parameter xsthdpdir set to /afs/athena.mit.edu/user/t/r/trebawa/6.111/Final/Final/xst


Total REAL time to Xst completion: 0.00 secs
Total CPU time to Xst completion: 0.05 secs
 
--> 
Reading design: main_fsm.prj

TABLE OF CONTENTS
  1) Synthesis Options Summary
  2) HDL Compilation
  3) Design Hierarchy Analysis
  4) HDL Analysis
  5) HDL Synthesis
     5.1) HDL Synthesis Report
  6) Advanced HDL Synthesis
     6.1) Advanced HDL Synthesis Report
  7) Low Level Synthesis
  8) Partition Report
  9) Final Report
     9.1) Device utilization summary
     9.2) Partition Resource Summary
     9.3) TIMING REPORT


=========================================================================
*                      Synthesis Options Summary                        *
=========================================================================
---- Source Parameters
Input File Name                    : "main_fsm.prj"
Input Format                       : mixed
Ignore Synthesis Constraint File   : NO

---- Target Parameters
Output File Name                   : "main_fsm"
Output Format                      : NGC
Target Device                      : xc2v6000-4-bf957

---- Source Options
Top Module Name                    : main_fsm
Automatic FSM Extraction           : YES
FSM Encoding Algorithm             : Auto
Safe Implementation                : No
FSM Style                          : lut
RAM Extraction                     : Yes
RAM Style                          : Auto
ROM Extraction                     : Yes
Mux Style                          : Auto
Decoder Extraction                 : YES
Priority Encoder Extraction        : YES
Shift Register Extraction          : YES
Logical Shifter Extraction         : YES
XOR Collapsing                     : YES
ROM Style                          : Auto
Mux Extraction                     : YES
Resource Sharing                   : YES
Asynchronous To Synchronous        : NO
Multiplier Style                   : auto
Automatic Register Balancing       : No

---- Target Options
Add IO Buffers                     : YES
Global Maximum Fanout              : 500
Add Generic Clock Buffer(BUFG)     : 16
Register Duplication               : YES
Slice Packing                      : YES
Optimize Instantiated Primitives   : NO
Convert Tristates To Logic         : Yes
Use Clock Enable                   : Yes
Use Synchronous Set                : Yes
Use Synchronous Reset              : Yes
Pack IO Registers into IOBs        : auto
Equivalent register Removal        : YES

---- General Options
Optimization Goal                  : Speed
Optimization Effort                : 1
Library Search Order               : main_fsm.lso
Keep Hierarchy                     : NO
Netlist Hierarchy                  : as_optimized
RTL Output                         : Yes
Global Optimization                : AllClockNets
Read Cores                         : YES
Write Timing Constraints           : NO
Cross Clock Analysis               : NO
Hierarchy Separator                : /
Bus Delimiter                      : <>
Case Specifier                     : maintain
Slice Utilization Ratio            : 100
BRAM Utilization Ratio             : 100
Verilog 2001                       : YES
Auto BRAM Packing                  : NO
Slice Utilization Ratio Delta      : 5

=========================================================================


=========================================================================
*                          HDL Compilation                              *
=========================================================================
Compiling verilog file "qmult.v" in library work
Compiling verilog file "qadd.v" in library work
Module <qmult> compiled
Compiling verilog file "serial_peak_finder.v" in library work
Module <qadd> compiled
Compiling verilog file "scale_lut.v" in library work
Module <serial_peak_finder> compiled
Compiling verilog file "ram36x512.v" in library work
Module <scale_freq_select> compiled
Compiling verilog file "./ram32x512.v" in library work
Module <ram36x512> compiled
Compiling verilog file "note_lut.v" in library work
Module <ram32x512> compiled
Compiling verilog file "freq_estimator.v" in library work
Module <note_lut> compiled
Compiling verilog file "cordic.v" in library work
Module <freq_estimator> compiled
Compiling verilog file "main_fsm.v" in library work
Module <cordic> compiled
Module <main_fsm> compiled
No errors in compilation
Analysis of file <"main_fsm.prj"> succeeded.
 

=========================================================================
*                     Design Hierarchy Analysis                         *
=========================================================================
Analyzing hierarchy for module <main_fsm> in library <work> with parameters.
	S_DIVIDE_SHIFT = "00000000000000000000000001000000"
	S_FIND_FUND_FREQ = "00000000000000000000000000010000"
	S_FIND_MAX_FREQ = "00000000000000000000000000001000"
	S_FORCE_TO_SCALE = "00000000000000000000000000100000"
	S_INTERP_INDEX = "00000000000000000000000100000000"
	S_POPULATE_RAM_A = "00000000000000000000000000000010"
	S_RATE_MUL = "00000000000000000000000010000000"
	S_RUN_CORDICS = "00000000000000000000000000000100"
	S_WAIT_FOR_DATA = "00000000000000000000000000000001"

Analyzing hierarchy for module <serial_peak_finder> in library <work>.

Analyzing hierarchy for module <freq_estimator> in library <work>.

Analyzing hierarchy for module <note_lut> in library <work>.

Analyzing hierarchy for module <scale_freq_select> in library <work>.

Analyzing hierarchy for module <qmult> in library <work> with parameters.
	N = "00000000000000000000000000100000"
	Q = "00000000000000000000000000010100"

Analyzing hierarchy for module <qadd> in library <work> with parameters.
	N = "00000000000000000000000000100000"
	Q = "00000000000000000000000000010100"


=========================================================================
*                            HDL Analysis                               *
=========================================================================
Analyzing top module <main_fsm>.
	S_DIVIDE_SHIFT = 32'sb00000000000000000000000001000000
	S_FIND_FUND_FREQ = 32'sb00000000000000000000000000010000
	S_FIND_MAX_FREQ = 32'sb00000000000000000000000000001000
	S_FORCE_TO_SCALE = 32'sb00000000000000000000000000100000
	S_INTERP_INDEX = 32'sb00000000000000000000000100000000
	S_POPULATE_RAM_A = 32'sb00000000000000000000000000000010
	S_RATE_MUL = 32'sb00000000000000000000000010000000
	S_RUN_CORDICS = 32'sb00000000000000000000000000000100
	S_WAIT_FOR_DATA = 32'sb00000000000000000000000000000001
WARNING:Xst:1464 - "main_fsm.v" line 181: Exactly equal expression will be synthesized as an equal expression, simulation mismatch is possible.
WARNING:Xst:1464 - "main_fsm.v" line 193: Exactly equal expression will be synthesized as an equal expression, simulation mismatch is possible.
WARNING:Xst:1464 - "main_fsm.v" line 205: Exactly equal expression will be synthesized as an equal expression, simulation mismatch is possible.
WARNING:Xst:2211 - "cordic.v" line 70: Instantiating black box module <cordic>.
Module <main_fsm> is correct for synthesis.
 
    Set user-defined property "BLACK_BOX =  1" for instance <cart_to_phasor> in unit <main_fsm>.
WARNING:Xst:37 - Detected unknown constraint/property "BLACK_BOX". This constraint/property is not supported by the current software release and will be ignored.
Analyzing module <serial_peak_finder> in library <work>.
Module <serial_peak_finder> is correct for synthesis.
 
Analyzing module <freq_estimator> in library <work>.
Module <freq_estimator> is correct for synthesis.
 
Analyzing module <qmult> in library <work>.
	N = 32'sb00000000000000000000000000100000
	Q = 32'sb00000000000000000000000000010100
WARNING:Xst:905 - "qmult.v" line 54: One or more signals are missing in the sensitivity list of always block. To enable synthesis of FPGA/CPLD hardware, XST will assume that all necessary signals are present in the sensitivity list. Please note that the result of the synthesis may differ from the initial design specification. The missing signals are:
   <i_multiplicand>, <i_multiplier>
Module <qmult> is correct for synthesis.
 
Analyzing module <qadd> in library <work>.
	N = 32'sb00000000000000000000000000100000
	Q = 32'sb00000000000000000000000000010100
Module <qadd> is correct for synthesis.
 
Analyzing module <note_lut> in library <work>.
Module <note_lut> is correct for synthesis.
 
Analyzing module <scale_freq_select> in library <work>.
WARNING:Xst:1464 - "scale_lut.v" line 81: Exactly equal expression will be synthesized as an equal expression, simulation mismatch is possible.
WARNING:Xst:1464 - "scale_lut.v" line 86: Exactly equal expression will be synthesized as an equal expression, simulation mismatch is possible.
WARNING:Xst:905 - "scale_lut.v" line 96: One or more signals are missing in the sensitivity list of always block. To enable synthesis of FPGA/CPLD hardware, XST will assume that all necessary signals are present in the sensitivity list. Please note that the result of the synthesis may differ from the initial design specification. The missing signals are:
   <note_table>
Module <scale_freq_select> is correct for synthesis.
 

=========================================================================
*                           HDL Synthesis                               *
=========================================================================

Performing bidirectional port resolution...
INFO:Xst:2679 - Register <ovr> in unit <qmult> has a constant value of 1 during circuit operation. The register is replaced by logic.

Synthesizing Unit <serial_peak_finder>.
    Related source file is "serial_peak_finder.v".
    Found 12-bit register for signal <peak_index>.
    Found 18-bit register for signal <largest>.
    Found 32-bit comparator greater for signal <peak_index$cmp_gt0000> created at line 37.
    Summary:
	inferred  30 D-type flip-flop(s).
	inferred   1 Comparator(s).
Unit <serial_peak_finder> synthesized.


Synthesizing Unit <note_lut>.
    Related source file is "note_lut.v".
    Found 32-bit comparator less for signal <greater$cmp_lt0000> created at line 45.
    Found 32-bit comparator less for signal <greater$cmp_lt0001> created at line 50.
    Found 32-bit comparator less for signal <greater$cmp_lt0002> created at line 55.
    Found 32-bit comparator less for signal <greater$cmp_lt0003> created at line 60.
    Found 32-bit comparator less for signal <greater$cmp_lt0004> created at line 65.
    Found 32-bit comparator less for signal <greater$cmp_lt0005> created at line 70.
    Found 32-bit comparator less for signal <greater$cmp_lt0006> created at line 75.
    Found 32-bit comparator less for signal <greater$cmp_lt0007> created at line 80.
    Found 32-bit comparator less for signal <greater$cmp_lt0008> created at line 85.
    Found 32-bit comparator less for signal <greater$cmp_lt0009> created at line 90.
    Found 32-bit comparator less for signal <greater$cmp_lt0010> created at line 95.
    Found 32-bit comparator less for signal <greater$cmp_lt0011> created at line 100.
    Found 32-bit comparator less for signal <greater$cmp_lt0012> created at line 105.
    Found 32-bit comparator less for signal <greater$cmp_lt0013> created at line 110.
    Found 32-bit comparator less for signal <greater$cmp_lt0014> created at line 115.
    Found 32-bit comparator less for signal <greater$cmp_lt0015> created at line 120.
    Found 32-bit comparator less for signal <greater$cmp_lt0016> created at line 125.
    Found 32-bit comparator less for signal <greater$cmp_lt0017> created at line 130.
    Found 32-bit comparator less for signal <greater$cmp_lt0018> created at line 135.
    Found 32-bit comparator less for signal <greater$cmp_lt0019> created at line 140.
    Found 32-bit comparator less for signal <greater$cmp_lt0020> created at line 145.
    Found 32-bit comparator less for signal <greater$cmp_lt0021> created at line 150.
    Found 32-bit comparator less for signal <greater$cmp_lt0022> created at line 155.
    Found 32-bit comparator less for signal <greater$cmp_lt0023> created at line 160.
    Found 32-bit comparator less for signal <greater$cmp_lt0024> created at line 165.
    Found 32-bit comparator less for signal <greater$cmp_lt0025> created at line 170.
    Found 32-bit comparator less for signal <greater$cmp_lt0026> created at line 175.
    Found 32-bit comparator less for signal <greater$cmp_lt0027> created at line 180.
    Found 32-bit comparator less for signal <greater$cmp_lt0028> created at line 185.
    Found 32-bit comparator less for signal <greater$cmp_lt0029> created at line 190.
    Found 32-bit comparator less for signal <greater$cmp_lt0030> created at line 195.
    Found 32-bit comparator less for signal <greater$cmp_lt0031> created at line 200.
    Found 32-bit comparator less for signal <greater$cmp_lt0032> created at line 205.
    Found 32-bit comparator less for signal <greater$cmp_lt0033> created at line 210.
    Found 32-bit comparator less for signal <greater$cmp_lt0034> created at line 215.
    Found 32-bit comparator less for signal <greater$cmp_lt0035> created at line 220.
    Found 32-bit comparator less for signal <greater$cmp_lt0036> created at line 225.
    Found 32-bit comparator less for signal <greater$cmp_lt0037> created at line 230.
    Found 32-bit comparator less for signal <greater$cmp_lt0038> created at line 235.
    Found 32-bit comparator less for signal <greater$cmp_lt0039> created at line 240.
    Found 32-bit comparator less for signal <greater$cmp_lt0040> created at line 245.
    Found 32-bit comparator less for signal <greater$cmp_lt0041> created at line 250.
    Found 32-bit comparator less for signal <greater$cmp_lt0042> created at line 255.
    Found 32-bit comparator less for signal <greater$cmp_lt0043> created at line 260.
    Found 32-bit comparator less for signal <greater$cmp_lt0044> created at line 265.
    Found 32-bit comparator less for signal <greater$cmp_lt0045> created at line 270.
    Found 32-bit comparator less for signal <greater$cmp_lt0046> created at line 275.
    Found 32-bit comparator less for signal <greater$cmp_lt0047> created at line 280.
    Found 32-bit comparator less for signal <greater$cmp_lt0048> created at line 285.
    Found 32-bit comparator less for signal <greater$cmp_lt0049> created at line 290.
    Found 32-bit comparator less for signal <greater$cmp_lt0050> created at line 295.
    Found 32-bit comparator less for signal <greater$cmp_lt0051> created at line 300.
    Found 32-bit comparator less for signal <greater$cmp_lt0052> created at line 305.
    Found 32-bit comparator less for signal <greater$cmp_lt0053> created at line 310.
    Found 32-bit comparator less for signal <greater$cmp_lt0054> created at line 315.
    Found 32-bit comparator less for signal <greater$cmp_lt0055> created at line 320.
    Found 32-bit comparator less for signal <greater$cmp_lt0056> created at line 325.
    Found 32-bit comparator less for signal <greater$cmp_lt0057> created at line 330.
    Found 32-bit comparator less for signal <greater$cmp_lt0058> created at line 335.
    Found 32-bit comparator less for signal <greater$cmp_lt0059> created at line 340.
    Found 32-bit comparator less for signal <greater$cmp_lt0060> created at line 345.
    Found 32-bit comparator less for signal <greater$cmp_lt0061> created at line 350.
    Found 32-bit comparator less for signal <greater$cmp_lt0062> created at line 355.
    Found 32-bit comparator less for signal <greater$cmp_lt0063> created at line 360.
    Found 32-bit comparator less for signal <greater$cmp_lt0064> created at line 365.
    Found 32-bit comparator less for signal <greater$cmp_lt0065> created at line 370.
    Found 32-bit comparator less for signal <greater$cmp_lt0066> created at line 375.
    Found 32-bit comparator less for signal <greater$cmp_lt0067> created at line 380.
    Found 32-bit comparator less for signal <greater$cmp_lt0068> created at line 385.
    Found 32-bit comparator less for signal <greater$cmp_lt0069> created at line 390.
    Found 32-bit comparator less for signal <greater$cmp_lt0070> created at line 395.
    Found 32-bit comparator less for signal <greater$cmp_lt0071> created at line 400.
    Found 32-bit comparator less for signal <greater$cmp_lt0072> created at line 405.
    Found 32-bit comparator less for signal <greater$cmp_lt0073> created at line 410.
    Found 32-bit comparator less for signal <greater$cmp_lt0074> created at line 415.
    Found 32-bit comparator less for signal <greater$cmp_lt0075> created at line 420.
    Found 32-bit comparator less for signal <greater$cmp_lt0076> created at line 425.
    Found 32-bit comparator less for signal <greater$cmp_lt0077> created at line 430.
    Found 32-bit comparator less for signal <greater$cmp_lt0078> created at line 435.
    Found 32-bit comparator less for signal <greater$cmp_lt0079> created at line 440.
    Found 32-bit comparator less for signal <greater$cmp_lt0080> created at line 445.
    Found 32-bit comparator less for signal <greater$cmp_lt0081> created at line 450.
    Found 32-bit comparator less for signal <greater$cmp_lt0082> created at line 455.
    Found 32-bit comparator less for signal <greater$cmp_lt0083> created at line 460.
    Found 32-bit comparator less for signal <greater$cmp_lt0084> created at line 465.
    Found 32-bit comparator less for signal <greater$cmp_lt0085> created at line 470.
    Found 32-bit comparator less for signal <greater$cmp_lt0086> created at line 475.
    Found 32-bit comparator less for signal <greater$cmp_lt0087> created at line 480.
    Found 32-bit comparator less for signal <greater$cmp_lt0088> created at line 485.
    Found 32-bit comparator less for signal <greater$cmp_lt0089> created at line 490.
    Found 32-bit comparator less for signal <greater$cmp_lt0090> created at line 495.
    Found 32-bit comparator less for signal <greater$cmp_lt0091> created at line 500.
    Found 32-bit comparator less for signal <greater$cmp_lt0092> created at line 505.
    Found 32-bit comparator less for signal <greater$cmp_lt0093> created at line 510.
    Found 32-bit comparator less for signal <greater$cmp_lt0094> created at line 515.
    Found 32-bit comparator less for signal <greater$cmp_lt0095> created at line 520.
    Found 32-bit comparator less for signal <greater$cmp_lt0096> created at line 525.
    Found 32-bit comparator less for signal <greater$cmp_lt0097> created at line 530.
    Found 32-bit comparator less for signal <greater$cmp_lt0098> created at line 535.
    Found 32-bit comparator less for signal <greater$cmp_lt0099> created at line 540.
    Found 32-bit comparator less for signal <greater$cmp_lt0100> created at line 545.
    Found 32-bit comparator less for signal <greater$cmp_lt0101> created at line 550.
    Found 32-bit comparator less for signal <greater$cmp_lt0102> created at line 555.
    Found 32-bit comparator less for signal <greater$cmp_lt0103> created at line 560.
    Found 32-bit comparator less for signal <greater$cmp_lt0104> created at line 565.
    Found 32-bit comparator less for signal <greater$cmp_lt0105> created at line 570.
    Found 32-bit comparator less for signal <greater$cmp_lt0106> created at line 575.
    Found 32-bit comparator less for signal <greater$cmp_lt0107> created at line 580.
    Found 32-bit comparator less for signal <greater$cmp_lt0108> created at line 585.
    Found 32-bit comparator less for signal <greater$cmp_lt0109> created at line 590.
    Found 32-bit comparator less for signal <greater$cmp_lt0110> created at line 595.
    Found 32-bit comparator less for signal <greater$cmp_lt0111> created at line 600.
    Found 32-bit comparator less for signal <greater$cmp_lt0112> created at line 605.
    Found 32-bit comparator less for signal <greater$cmp_lt0113> created at line 610.
    Found 32-bit comparator less for signal <greater$cmp_lt0114> created at line 615.
    Found 32-bit comparator less for signal <greater$cmp_lt0115> created at line 620.
    Found 32-bit comparator less for signal <greater$cmp_lt0116> created at line 625.
    Found 32-bit comparator less for signal <greater$cmp_lt0117> created at line 630.
    Found 32-bit comparator less for signal <greater$cmp_lt0118> created at line 635.
    Found 32-bit comparator less for signal <greater$cmp_lt0119> created at line 640.
    Found 32-bit comparator less for signal <greater$cmp_lt0120> created at line 645.
    Found 32-bit comparator less for signal <greater$cmp_lt0121> created at line 650.
    Found 32-bit comparator less for signal <greater$cmp_lt0122> created at line 655.
    Found 32-bit comparator less for signal <greater$cmp_lt0123> created at line 660.
    Found 32-bit comparator less for signal <greater$cmp_lt0124> created at line 665.
    Found 32-bit comparator less for signal <greater$cmp_lt0125> created at line 670.
    Found 32-bit comparator less for signal <greater$cmp_lt0126> created at line 675.
    Found 32-bit comparator less for signal <greater$cmp_lt0127> created at line 680.
    Found 32-bit comparator less for signal <greater$cmp_lt0128> created at line 685.
    Found 32-bit comparator less for signal <greater$cmp_lt0129> created at line 690.
    Found 32-bit comparator less for signal <greater$cmp_lt0130> created at line 695.
    Found 32-bit comparator less for signal <greater$cmp_lt0131> created at line 700.
    Found 32-bit comparator less for signal <greater$cmp_lt0132> created at line 705.
    Found 32-bit comparator less for signal <greater$cmp_lt0133> created at line 710.
    Found 32-bit comparator less for signal <greater$cmp_lt0134> created at line 715.
    Found 32-bit comparator less for signal <greater$cmp_lt0135> created at line 720.
    Found 32-bit comparator less for signal <greater$cmp_lt0136> created at line 725.
    Found 32-bit comparator less for signal <greater$cmp_lt0137> created at line 730.
    Found 32-bit comparator less for signal <greater$cmp_lt0138> created at line 735.
    Found 32-bit comparator less for signal <greater$cmp_lt0139> created at line 740.
    Found 32-bit comparator less for signal <greater$cmp_lt0140> created at line 745.
    Found 32-bit comparator less for signal <greater$cmp_lt0141> created at line 750.
    Found 32-bit comparator less for signal <greater$cmp_lt0142> created at line 755.
    Found 32-bit comparator less for signal <greater$cmp_lt0143> created at line 760.
    Found 32-bit comparator less for signal <greater$cmp_lt0144> created at line 765.
    Found 32-bit comparator less for signal <greater$cmp_lt0145> created at line 770.
    Found 32-bit comparator less for signal <greater$cmp_lt0146> created at line 775.
    Found 32-bit comparator less for signal <greater$cmp_lt0147> created at line 780.
    Found 32-bit comparator less for signal <greater$cmp_lt0148> created at line 785.
    Found 32-bit comparator less for signal <greater$cmp_lt0149> created at line 790.
    Found 32-bit comparator less for signal <greater$cmp_lt0150> created at line 795.
    Found 32-bit comparator less for signal <greater$cmp_lt0151> created at line 800.
    Found 32-bit comparator less for signal <greater$cmp_lt0152> created at line 805.
    Found 32-bit comparator less for signal <greater$cmp_lt0153> created at line 810.
    Found 32-bit comparator less for signal <greater$cmp_lt0154> created at line 815.
    Found 32-bit comparator less for signal <greater$cmp_lt0155> created at line 820.
    Found 32-bit comparator less for signal <greater$cmp_lt0156> created at line 825.
    Found 32-bit comparator less for signal <greater$cmp_lt0157> created at line 830.
    Found 32-bit comparator less for signal <greater$cmp_lt0158> created at line 835.
    Found 32-bit comparator less for signal <greater$cmp_lt0159> created at line 840.
    Found 32-bit comparator less for signal <greater$cmp_lt0160> created at line 845.
    Found 32-bit comparator less for signal <greater$cmp_lt0161> created at line 850.
    Found 32-bit comparator less for signal <greater$cmp_lt0162> created at line 855.
    Found 32-bit comparator less for signal <greater$cmp_lt0163> created at line 860.
    Found 32-bit comparator less for signal <greater$cmp_lt0164> created at line 865.
    Found 32-bit comparator less for signal <greater$cmp_lt0165> created at line 870.
    Found 32-bit comparator less for signal <greater$cmp_lt0166> created at line 875.
    Summary:
	inferred 167 Comparator(s).
Unit <note_lut> synthesized.


Synthesizing Unit <scale_freq_select>.
    Related source file is "scale_lut.v".
WARNING:Xst:1781 - Signal <note_table> is used but never assigned. Tied to default value.
    Found 12x32-bit ROM for signal <$varindex0000> created at line 98.
    Found 1-bit register for signal <done>.
    Found 4-bit register for signal <act_note>.
    Found 3-bit register for signal <act_octave>.
    Found 4-bit up counter for signal <current_note_a>.
    Found 4-bit register for signal <current_note_b>.
    Found 4-bit subtractor for signal <current_note_b$addsub0000> created at line 90.
    Found 4-bit subtractor for signal <freq_desired$addsub0000> created at line 98.
    Found 4-bit adder for signal <freq_desired$addsub0001> created at line 100.
    Found 3-bit comparator greater for signal <freq_desired$cmp_gt0000> created at line 97.
    Found 32-bit shifter logical left for signal <freq_desired$shift0000> created at line 98.
    Found 32-bit shifter logical right for signal <freq_desired$shift0001> created at line 100.
    Found 3-bit up counter for signal <octave_a>.
    Found 3-bit down counter for signal <octave_b>.
    Summary:
	inferred   1 ROM(s).
	inferred   3 Counter(s).
	inferred  12 D-type flip-flop(s).
	inferred   3 Adder/Subtractor(s).
	inferred   1 Comparator(s).
	inferred   2 Multiplexer(s).
	inferred   2 Combinational logic shifter(s).
Unit <scale_freq_select> synthesized.


Synthesizing Unit <qmult>.
    Related source file is "qmult.v".
WARNING:Xst:646 - Signal <r_result<63>> is assigned but never used. This unconnected signal will be trimmed during the optimization process.
WARNING:Xst:646 - Signal <r_result<19:0>> is assigned but never used. This unconnected signal will be trimmed during the optimization process.
    Found 31x31-bit multiplier for signal <r_result$mult0000> created at line 48.
    Found 1-bit xor2 for signal <r_RetVal<31>>.
    Summary:
	inferred   1 Multiplier(s).
Unit <qmult> synthesized.


Synthesizing Unit <qadd>.
    Related source file is "qadd.v".
    Found 31-bit adder for signal <$add0000> created at line 39.
    Found 31-bit subtractor for signal <$sub0000> created at line 47.
    Found 31-bit subtractor for signal <$sub0001> created at line 51.
    Found 31-bit comparator greater for signal <res_30$cmp_gt0000> created at line 46.
    Found 1-bit xor2 for signal <res_30$xor0000> created at line 38.
    Summary:
	inferred   3 Adder/Subtractor(s).
	inferred   1 Comparator(s).
Unit <qadd> synthesized.


Synthesizing Unit <freq_estimator>.
    Related source file is "freq_estimator.v".
WARNING:Xst:646 - Signal <ovr_2> is assigned but never used. This unconnected signal will be trimmed during the optimization process.
WARNING:Xst:646 - Signal <ovr_1> is assigned but never used. This unconnected signal will be trimmed during the optimization process.
WARNING:Xst:646 - Signal <df<31>> is assigned but never used. This unconnected signal will be trimmed during the optimization process.
    Found 32-bit register for signal <frequency>.
    Found 1-bit register for signal <done>.
    Found 32-bit adder for signal <$sub0000> created at line 87.
    Found 32-bit adder for signal <$sub0001> created at line 93.
    Found 31-bit register for signal <df_magnitude_last>.
    Found 31-bit comparator lessequal for signal <frequency$cmp_le0000> created at line 64.
    Found 32-bit register for signal <last_freq>.
    Found 32-bit register for signal <old_max_phase>.
    Found 32-bit register for signal <two_n>.
    Summary:
	inferred 160 D-type flip-flop(s).
	inferred   2 Adder/Subtractor(s).
	inferred   1 Comparator(s).
Unit <freq_estimator> synthesized.


Synthesizing Unit <main_fsm>.
    Related source file is "main_fsm.v".
WARNING:Xst:1306 - Output <result_data> is never assigned.
WARNING:Xst:647 - Input <fft_data> is never used. This port will be preserved and left unconnected if it belongs to a top-level block or it belongs to a sub-block and the hierarchy of this sub-block is preserved.
WARNING:Xst:1306 - Output <result_read_valid> is never assigned.
WARNING:Xst:647 - Input <result_address> is never used. This port will be preserved and left unconnected if it belongs to a top-level block or it belongs to a sub-block and the hierarchy of this sub-block is preserved.
WARNING:Xst:1306 - Output <done> is never assigned.
WARNING:Xst:1306 - Output <note_done> is never assigned.
WARNING:Xst:647 - Input <result_read_enable> is never used. This port will be preserved and left unconnected if it belongs to a top-level block or it belongs to a sub-block and the hierarchy of this sub-block is preserved.
WARNING:Xst:646 - Signal <scale_freq> is assigned but never used. This unconnected signal will be trimmed during the optimization process.
WARNING:Xst:653 - Signal <scale_force_start> is used but never assigned. This sourceless signal will be automatically connected to value 0.
WARNING:Xst:646 - Signal <scale_force_done> is assigned but never used. This unconnected signal will be trimmed during the optimization process.
WARNING:Xst:653 - Signal <ram_a_din> is used but never assigned. This sourceless signal will be automatically connected to value 0.
WARNING:Xst:646 - Signal <max_phase<32>> is assigned but never used. This unconnected signal will be trimmed during the optimization process.
WARNING:Xst:1780 - Signal <max_freq> is never used or assigned. This unconnected signal will be trimmed during the optimization process.
WARNING:Xst:646 - Signal <fund_freq<32>> is assigned but never used. This unconnected signal will be trimmed during the optimization process.
WARNING:Xst:646 - Signal <c_magnitude<0>> is assigned but never used. This unconnected signal will be trimmed during the optimization process.
    Found finite state machine <FSM_0> for signal <state>.
    -----------------------------------------------------------------------
    | States             | 6                                              |
    | Transitions        | 12                                             |
    | Inputs             | 6                                              |
    | Outputs            | 8                                              |
    | Clock              | clk (rising_edge)                              |
    | Power Up State     | 0000000001                                     |
    | Encoding           | automatic                                      |
    | Implementation     | LUT                                            |
    -----------------------------------------------------------------------
    Found 1-bit register for signal <cordic_start>.
    Found 1-bit register for signal <est_start>.
    Found 9-bit register for signal <max_index>.
    Found 33-bit register for signal <max_phase>.
    Found 9-bit comparator not equal for signal <max_phase$cmp_ne0000> created at line 205.
    Found 1-bit register for signal <pf_start>.
    Found 9-bit register for signal <ram_a_raddr>.
    Found 9-bit adder for signal <ram_a_raddr$addsub0000> created at line 201.
    Found 1-bit register for signal <ram_a_write>.
    Found 9-bit register for signal <ram_b_raddr>.
    Found 9-bit up counter for signal <ram_b_waddr>.
    Found 1-bit register for signal <ram_b_write>.
    Found 9-bit comparator equal for signal <state$cmp_eq0002> created at line 205.
    Summary:
	inferred   1 Finite State Machine(s).
	inferred   1 Counter(s).
	inferred  65 D-type flip-flop(s).
	inferred   1 Adder/Subtractor(s).
	inferred   2 Comparator(s).
Unit <main_fsm> synthesized.


=========================================================================
HDL Synthesis Report

Macro Statistics
# ROMs                                                 : 1
 12x32-bit ROM                                         : 1
# Multipliers                                          : 2
 31x31-bit multiplier                                  : 2
# Adders/Subtractors                                   : 18
 31-bit adder                                          : 4
 31-bit subtractor                                     : 8
 32-bit adder                                          : 2
 4-bit adder                                           : 1
 4-bit subtractor                                      : 2
 9-bit adder                                           : 1
# Counters                                             : 4
 3-bit down counter                                    : 1
 3-bit up counter                                      : 1
 4-bit up counter                                      : 1
 9-bit up counter                                      : 1
# Registers                                            : 21
 1-bit register                                        : 7
 12-bit register                                       : 1
 18-bit register                                       : 1
 3-bit register                                        : 1
 31-bit register                                       : 1
 32-bit register                                       : 4
 33-bit register                                       : 1
 4-bit register                                        : 2
 9-bit register                                        : 3
# Comparators                                          : 176
 3-bit comparator greater                              : 1
 31-bit comparator greater                             : 4
 31-bit comparator lessequal                           : 1
 32-bit comparator greater                             : 1
 32-bit comparator less                                : 167
 9-bit comparator equal                                : 1
 9-bit comparator not equal                            : 1
# Multiplexers                                         : 2
 1-bit 12-to-1 multiplexer                             : 2
# Logic shifters                                       : 2
 32-bit shifter logical left                           : 1
 32-bit shifter logical right                          : 1
# Xors                                                 : 6
 1-bit xor2                                            : 6

=========================================================================

=========================================================================
*                       Advanced HDL Synthesis                          *
=========================================================================

Analyzing FSM <FSM_0> for best encoding.
Optimizing FSM <state> on signal <state[1:3]> with sequential encoding.
------------------------
 State      | Encoding
------------------------
 0000000001 | 000
 0000000010 | 001
 0000000100 | 010
 0000001000 | 011
 0000010000 | 100
 0000100000 | 101
------------------------
Loading device for application Rf_Device from file '2v6000.nph' in environment /afs/csail.mit.edu/proj/redsocs/Xilinx10.1/ISE.
Reading core <ram36x512.ngc>.
Reading core <cordic.ngc>.
Reading core <ram32x512.ngc>.
Loading core <ram36x512> for timing and area information for instance <ram_a>.
Loading core <cordic> for timing and area information for instance <cart_to_phasor>.
Loading core <ram32x512> for timing and area information for instance <ram_b>.
WARNING:Xst:2404 -  FFs/Latches <max_index<8:1>> (without init value) have a constant value of 0 in block <main_fsm>.
WARNING:Xst:2404 -  FFs/Latches <peak_index<11:9>> (without init value) have a constant value of 0 in block <serial_peak_finder>.
WARNING:Xst:2404 -  FFs/Latches <ram_b_raddr<8:1>> (without init value) have a constant value of 0 in block <main_fsm>.

Synthesizing (advanced) Unit <qmult>.
INFO:Xst:2385 - HDL ADVISOR - You can improve the performance of the multiplier Mmult_r_result_mult0000 by adding 3 register level(s).
INFO:Xst:2385 - HDL ADVISOR - You can improve the performance of the multiplier Mmult_r_result_mult0000 by adding 3 register level(s).
Unit <qmult> synthesized (advanced).

Synthesizing (advanced) Unit <scale_freq_select>.
INFO:Xst - In order to maximize performance and save block RAM resources, the small ROM <Mrom__varindex0000> will be implemented on LUT. If you want to force its implementation on block, use option/constraint rom_style.
Unit <scale_freq_select> synthesized (advanced).
WARNING:Xst:1426 - The value init of the FF/Latch ram_b_write hinder the constant cleaning in the block main_fsm.
   You should achieve better results by setting this init to 1.
WARNING:Xst:2677 - Node <max_phase_32> of sequential type is unconnected in block <main_fsm>.
WARNING:Xst:1293 - FF/Latch <done> has a constant value of 1 in block <scale_forcer>. This FF/Latch will be trimmed during the optimization process.
WARNING:Xst:1293 - FF/Latch <act_note_0> has a constant value of 0 in block <scale_forcer>. This FF/Latch will be trimmed during the optimization process.
WARNING:Xst:1293 - FF/Latch <act_note_1> has a constant value of 0 in block <scale_forcer>. This FF/Latch will be trimmed during the optimization process.
WARNING:Xst:1293 - FF/Latch <act_note_2> has a constant value of 0 in block <scale_forcer>. This FF/Latch will be trimmed during the optimization process.
WARNING:Xst:1293 - FF/Latch <act_note_3> has a constant value of 0 in block <scale_forcer>. This FF/Latch will be trimmed during the optimization process.
WARNING:Xst:1293 - FF/Latch <act_octave_0> has a constant value of 0 in block <scale_forcer>. This FF/Latch will be trimmed during the optimization process.
WARNING:Xst:1293 - FF/Latch <act_octave_1> has a constant value of 0 in block <scale_forcer>. This FF/Latch will be trimmed during the optimization process.
WARNING:Xst:1293 - FF/Latch <act_octave_2> has a constant value of 0 in block <scale_forcer>. This FF/Latch will be trimmed during the optimization process.
WARNING:Xst:2677 - Node <peak_index_1> of sequential type is unconnected in block <peak_finder>.
WARNING:Xst:2677 - Node <peak_index_2> of sequential type is unconnected in block <peak_finder>.
WARNING:Xst:2677 - Node <peak_index_3> of sequential type is unconnected in block <peak_finder>.
WARNING:Xst:2677 - Node <peak_index_4> of sequential type is unconnected in block <peak_finder>.
WARNING:Xst:2677 - Node <peak_index_5> of sequential type is unconnected in block <peak_finder>.
WARNING:Xst:2677 - Node <peak_index_6> of sequential type is unconnected in block <peak_finder>.
WARNING:Xst:2677 - Node <peak_index_7> of sequential type is unconnected in block <peak_finder>.
WARNING:Xst:2677 - Node <peak_index_8> of sequential type is unconnected in block <peak_finder>.
WARNING:Xst:1293 - FF/Latch <current_note_b_0> has a constant value of 0 in block <scale_forcer>. This FF/Latch will be trimmed during the optimization process.
WARNING:Xst:1293 - FF/Latch <current_note_b_1> has a constant value of 0 in block <scale_forcer>. This FF/Latch will be trimmed during the optimization process.
WARNING:Xst:1293 - FF/Latch <current_note_b_2> has a constant value of 0 in block <scale_forcer>. This FF/Latch will be trimmed during the optimization process.
WARNING:Xst:1293 - FF/Latch <current_note_b_3> has a constant value of 0 in block <scale_forcer>. This FF/Latch will be trimmed during the optimization process.
WARNING:Xst:1290 - Hierarchical block <scale_forcer> is unconnected in block <main_fsm>.
   It will be removed from the design.

=========================================================================
Advanced HDL Synthesis Report

Macro Statistics
# ROMs                                                 : 1
 12x32-bit ROM                                         : 1
# Multipliers                                          : 2
 31x31-bit multiplier                                  : 2
# Adders/Subtractors                                   : 18
 31-bit adder                                          : 4
 31-bit subtractor                                     : 8
 32-bit adder                                          : 2
 4-bit adder                                           : 1
 4-bit subtractor                                      : 2
 9-bit adder                                           : 1
# Counters                                             : 4
 3-bit down counter                                    : 1
 3-bit up counter                                      : 1
 4-bit up counter                                      : 1
 9-bit up counter                                      : 1
# Registers                                            : 250
 Flip-Flops                                            : 250
# Comparators                                          : 176
 3-bit comparator greater                              : 1
 31-bit comparator greater                             : 4
 31-bit comparator lessequal                           : 1
 32-bit comparator greater                             : 1
 32-bit comparator less                                : 167
 9-bit comparator equal                                : 1
 9-bit comparator not equal                            : 1
# Multiplexers                                         : 2
 1-bit 12-to-1 multiplexer                             : 2
# Logic shifters                                       : 2
 32-bit shifter logical left                           : 1
 32-bit shifter logical right                          : 1
# Xors                                                 : 6
 1-bit xor2                                            : 6

=========================================================================

=========================================================================
*                         Low Level Synthesis                           *
=========================================================================

ERROR:Xst:528 - Multi-source in Unit <qmult> on signal <ovr>; this signal is connected to multiple drivers.
Drivers are: 
   Signal <estimator/i_to_f/ovr> in Unit <qmult> is assigned to GND

ERROR:Xst:528 - Multi-source in Unit <qmult> on signal <ovr>; this signal is connected to multiple drivers.
Drivers are: 
   Signal <estimator/mul/ovr> in Unit <qmult> is assigned to GND


Total REAL time to Xst completion: 14.00 secs
Total CPU time to Xst completion: 12.40 secs
 
--> 


Total memory usage is 562388 kilobytes

Number of errors   :    2 (   0 filtered)
Number of warnings :   62 (   0 filtered)
Number of infos    :    4 (   0 filtered)

